  [1m[35m (0.6ms)[0m  [1m[35mCREATE TABLE "schema_migrations" ("version" varchar NOT NULL PRIMARY KEY) /*application='ChatbotLeetcode'*/[0m
  [1m[35m (0.1ms)[0m  [1m[35mCREATE TABLE "ar_internal_metadata" ("key" varchar NOT NULL PRIMARY KEY, "value" varchar, "created_at" datetime(6) NOT NULL, "updated_at" datetime(6) NOT NULL) /*application='ChatbotLeetcode'*/[0m
  [1m[36mActiveRecord::SchemaMigration Load (0.1ms)[0m  [1m[34mSELECT "schema_migrations"."version" FROM "schema_migrations" ORDER BY "schema_migrations"."version" ASC /*application='ChatbotLeetcode'*/[0m
Started GET "/" for 127.0.0.1 at 2025-06-01 10:36:00 -0500
  [1m[36mActiveRecord::SchemaMigration Load (0.2ms)[0m  [1m[34mSELECT "schema_migrations"."version" FROM "schema_migrations" ORDER BY "schema_migrations"."version" ASC /*application='ChatbotLeetcode'*/[0m
Processing by Rails::WelcomeController#index as HTML
  Rendering /Users/andy/.rbenv/versions/3.4.2/lib/ruby/gems/3.4.0/gems/railties-8.0.2/lib/rails/templates/rails/welcome/index.html.erb
  Rendered /Users/andy/.rbenv/versions/3.4.2/lib/ruby/gems/3.4.0/gems/railties-8.0.2/lib/rails/templates/rails/welcome/index.html.erb (Duration: 0.4ms | GC: 0.0ms)
Completed 200 OK in 89ms (Views: 5.5ms | ActiveRecord: 0.0ms (0 queries, 0 cached) | GC: 0.0ms)


  [1m[36mCACHE ActiveRecord::SchemaMigration Load (0.2ms)[0m  [1m[34mSELECT "schema_migrations"."version" FROM "schema_migrations" ORDER BY "schema_migrations"."version" ASC[0m
  [1m[36mActiveRecord::InternalMetadata Load (0.2ms)[0m  [1m[34mSELECT * FROM "ar_internal_metadata" WHERE "ar_internal_metadata"."key" = 'environment' ORDER BY "ar_internal_metadata"."key" ASC LIMIT 1 /*application='ChatbotLeetcode'*/[0m
  [1m[36mActiveRecord::InternalMetadata Create (0.7ms)[0m  [1m[32mINSERT INTO "ar_internal_metadata" ("key", "value", "created_at", "updated_at") VALUES ('environment', 'development', '2025-06-01 15:59:42.076566', '2025-06-01 15:59:42.076568') RETURNING "key" /*application='ChatbotLeetcode'*/[0m
  [1m[36mActiveRecord::SchemaMigration Load (0.0ms)[0m  [1m[34mSELECT "schema_migrations"."version" FROM "schema_migrations" ORDER BY "schema_migrations"."version" ASC /*application='ChatbotLeetcode'*/[0m
Migrating to CreateProblems (20250601155936)
  [1m[36mTRANSACTION (0.0ms)[0m  [1m[35mBEGIN immediate TRANSACTION /*application='ChatbotLeetcode'*/[0m
  [1m[35m (0.7ms)[0m  [1m[35mCREATE TABLE "problems" ("id" integer PRIMARY KEY AUTOINCREMENT NOT NULL, "description" varchar, "expected_output" varchar, "created_at" datetime(6) NOT NULL, "updated_at" datetime(6) NOT NULL) /*application='ChatbotLeetcode'*/[0m
  [1m[36mActiveRecord::SchemaMigration Create (0.1ms)[0m  [1m[32mINSERT INTO "schema_migrations" ("version") VALUES ('20250601155936') RETURNING "version" /*application='ChatbotLeetcode'*/[0m
  [1m[36mTRANSACTION (0.2ms)[0m  [1m[35mCOMMIT TRANSACTION /*application='ChatbotLeetcode'*/[0m
  [1m[36mActiveRecord::SchemaMigration Load (0.0ms)[0m  [1m[34mSELECT "schema_migrations"."version" FROM "schema_migrations" ORDER BY "schema_migrations"."version" ASC /*application='ChatbotLeetcode'*/[0m
  [1m[36mTRANSACTION (0.1ms)[0m  [1m[35mBEGIN immediate TRANSACTION /*application='ChatbotLeetcode'*/[0m
  [1m[36mProblem Create (1.6ms)[0m  [1m[32mINSERT INTO "problems" ("description", "expected_output", "created_at", "updated_at") VALUES ('fizzbuzz', 'fizz buzz', '2025-06-01 16:05:52.645037', '2025-06-01 16:05:52.645037') RETURNING "id" /*application='ChatbotLeetcode'*/[0m
  [1m[36mTRANSACTION (0.3ms)[0m  [1m[35mCOMMIT TRANSACTION /*application='ChatbotLeetcode'*/[0m
  [1m[36mProblem Load (0.2ms)[0m  [1m[34mSELECT "problems".* FROM "problems" /* loading for pp */ LIMIT 11 /*application='ChatbotLeetcode'*/[0m
Started GET "/login" for 127.0.0.1 at 2025-06-01 11:08:55 -0500
  [1m[36mActiveRecord::SchemaMigration Load (0.1ms)[0m  [1m[34mSELECT "schema_migrations"."version" FROM "schema_migrations" ORDER BY "schema_migrations"."version" ASC /*application='ChatbotLeetcode'*/[0m
  
ActionController::RoutingError (No route matches [GET] "/login"):
  
Started GET "/problems" for 127.0.0.1 at 2025-06-01 11:09:01 -0500
  
ActionController::RoutingError (uninitialized constant ProblemsController)
Caused by: ActionDispatch::MissingController (uninitialized constant ProblemsController)
Caused by: NameError (uninitialized constant ProblemsController)

Information for: ActionController::RoutingError (uninitialized constant ProblemsController):
  

Information for cause: ActionDispatch::MissingController (uninitialized constant ProblemsController):
  
actionpack (8.0.2) lib/action_dispatch/http/request.rb:102:in 'ActionDispatch::Request#controller_class_for'
actionpack (8.0.2) lib/action_dispatch/http/request.rb:91:in 'ActionDispatch::Request#controller_class'
actionpack (8.0.2) lib/action_dispatch/routing/route_set.rb:61:in 'ActionDispatch::Routing::RouteSet::Dispatcher#controller'
actionpack (8.0.2) lib/action_dispatch/routing/route_set.rb:48:in 'ActionDispatch::Routing::RouteSet::Dispatcher#serve'
actionpack (8.0.2) lib/action_dispatch/journey/router.rb:53:in 'block in ActionDispatch::Journey::Router#serve'
actionpack (8.0.2) lib/action_dispatch/journey/router.rb:133:in 'block in ActionDispatch::Journey::Router#find_routes'
actionpack (8.0.2) lib/action_dispatch/journey/router.rb:126:in 'Array#each'
actionpack (8.0.2) lib/action_dispatch/journey/router.rb:126:in 'ActionDispatch::Journey::Router#find_routes'
actionpack (8.0.2) lib/action_dispatch/journey/router.rb:34:in 'ActionDispatch::Journey::Router#serve'
actionpack (8.0.2) lib/action_dispatch/routing/route_set.rb:908:in 'ActionDispatch::Routing::RouteSet#call'
railties (8.0.2) lib/rails/engine/lazy_route_set.rb:68:in 'Rails::Engine::LazyRouteSet#call'
rack (3.1.15) lib/rack/tempfile_reaper.rb:20:in 'Rack::TempfileReaper#call'
rack (3.1.15) lib/rack/etag.rb:29:in 'Rack::ETag#call'
rack (3.1.15) lib/rack/conditional_get.rb:31:in 'Rack::ConditionalGet#call'
rack (3.1.15) lib/rack/head.rb:15:in 'Rack::Head#call'
actionpack (8.0.2) lib/action_dispatch/http/permissions_policy.rb:38:in 'ActionDispatch::PermissionsPolicy::Middleware#call'
actionpack (8.0.2) lib/action_dispatch/http/content_security_policy.rb:38:in 'ActionDispatch::ContentSecurityPolicy::Middleware#call'
rack-session (2.1.1) lib/rack/session/abstract/id.rb:274:in 'Rack::Session::Abstract::Persisted#context'
rack-session (2.1.1) lib/rack/session/abstract/id.rb:268:in 'Rack::Session::Abstract::Persisted#call'
actionpack (8.0.2) lib/action_dispatch/middleware/cookies.rb:706:in 'ActionDispatch::Cookies#call'
activerecord (8.0.2) lib/active_record/migration.rb:671:in 'ActiveRecord::Migration::CheckPending#call'
actionpack (8.0.2) lib/action_dispatch/middleware/callbacks.rb:31:in 'block in ActionDispatch::Callbacks#call'
activesupport (8.0.2) lib/active_support/callbacks.rb:100:in 'ActiveSupport::Callbacks#run_callbacks'
actionpack (8.0.2) lib/action_dispatch/middleware/callbacks.rb:30:in 'ActionDispatch::Callbacks#call'
actionpack (8.0.2) lib/action_dispatch/middleware/executor.rb:16:in 'ActionDispatch::Executor#call'
actionpack (8.0.2) lib/action_dispatch/middleware/actionable_exceptions.rb:18:in 'ActionDispatch::ActionableExceptions#call'
actionpack (8.0.2) lib/action_dispatch/middleware/debug_exceptions.rb:31:in 'ActionDispatch::DebugExceptions#call'
web-console (4.2.1) lib/web_console/middleware.rb:132:in 'WebConsole::Middleware#call_app'
web-console (4.2.1) lib/web_console/middleware.rb:28:in 'block in WebConsole::Middleware#call'
web-console (4.2.1) lib/web_console/middleware.rb:17:in 'Kernel#catch'
web-console (4.2.1) lib/web_console/middleware.rb:17:in 'WebConsole::Middleware#call'
actionpack (8.0.2) lib/action_dispatch/middleware/show_exceptions.rb:32:in 'ActionDispatch::ShowExceptions#call'
railties (8.0.2) lib/rails/rack/logger.rb:41:in 'Rails::Rack::Logger#call_app'
railties (8.0.2) lib/rails/rack/logger.rb:29:in 'Rails::Rack::Logger#call'
actionpack (8.0.2) lib/action_dispatch/middleware/remote_ip.rb:96:in 'ActionDispatch::RemoteIp#call'
actionpack (8.0.2) lib/action_dispatch/middleware/request_id.rb:34:in 'ActionDispatch::RequestId#call'
rack (3.1.15) lib/rack/method_override.rb:28:in 'Rack::MethodOverride#call'
rack (3.1.15) lib/rack/runtime.rb:24:in 'Rack::Runtime#call'
actionpack (8.0.2) lib/action_dispatch/middleware/server_timing.rb:61:in 'block in ActionDispatch::ServerTiming#call'
actionpack (8.0.2) lib/action_dispatch/middleware/server_timing.rb:26:in 'ActionDispatch::ServerTiming::Subscriber#collect_events'
actionpack (8.0.2) lib/action_dispatch/middleware/server_timing.rb:60:in 'ActionDispatch::ServerTiming#call'
actionpack (8.0.2) lib/action_dispatch/middleware/executor.rb:16:in 'ActionDispatch::Executor#call'
actionpack (8.0.2) lib/action_dispatch/middleware/static.rb:27:in 'ActionDispatch::Static#call'
rack (3.1.15) lib/rack/sendfile.rb:114:in 'Rack::Sendfile#call'
actionpack (8.0.2) lib/action_dispatch/middleware/host_authorization.rb:143:in 'ActionDispatch::HostAuthorization#call'
railties (8.0.2) lib/rails/engine.rb:535:in 'Rails::Engine#call'
puma (6.6.0) lib/puma/configuration.rb:279:in 'Puma::Configuration::ConfigMiddleware#call'
puma (6.6.0) lib/puma/request.rb:99:in 'block in Puma::Request#handle_request'
puma (6.6.0) lib/puma/thread_pool.rb:390:in 'Puma::ThreadPool#with_force_shutdown'
puma (6.6.0) lib/puma/request.rb:98:in 'Puma::Request#handle_request'
puma (6.6.0) lib/puma/server.rb:472:in 'Puma::Server#process_client'
puma (6.6.0) lib/puma/server.rb:254:in 'block in Puma::Server#run'
puma (6.6.0) lib/puma/thread_pool.rb:167:in 'block in Puma::ThreadPool#spawn_thread'

Information for cause: NameError (uninitialized constant ProblemsController):
  
activesupport (8.0.2) lib/active_support/inflector/methods.rb:290:in 'ActiveSupport::Inflector#constantize'
activesupport (8.0.2) lib/active_support/core_ext/string/inflections.rb:74:in 'String#constantize'
actionpack (8.0.2) lib/action_dispatch/http/request.rb:99:in 'ActionDispatch::Request#controller_class_for'
actionpack (8.0.2) lib/action_dispatch/http/request.rb:91:in 'ActionDispatch::Request#controller_class'
actionpack (8.0.2) lib/action_dispatch/routing/route_set.rb:61:in 'ActionDispatch::Routing::RouteSet::Dispatcher#controller'
actionpack (8.0.2) lib/action_dispatch/routing/route_set.rb:48:in 'ActionDispatch::Routing::RouteSet::Dispatcher#serve'
actionpack (8.0.2) lib/action_dispatch/journey/router.rb:53:in 'block in ActionDispatch::Journey::Router#serve'
actionpack (8.0.2) lib/action_dispatch/journey/router.rb:133:in 'block in ActionDispatch::Journey::Router#find_routes'
actionpack (8.0.2) lib/action_dispatch/journey/router.rb:126:in 'Array#each'
actionpack (8.0.2) lib/action_dispatch/journey/router.rb:126:in 'ActionDispatch::Journey::Router#find_routes'
actionpack (8.0.2) lib/action_dispatch/journey/router.rb:34:in 'ActionDispatch::Journey::Router#serve'
actionpack (8.0.2) lib/action_dispatch/routing/route_set.rb:908:in 'ActionDispatch::Routing::RouteSet#call'
railties (8.0.2) lib/rails/engine/lazy_route_set.rb:68:in 'Rails::Engine::LazyRouteSet#call'
rack (3.1.15) lib/rack/tempfile_reaper.rb:20:in 'Rack::TempfileReaper#call'
rack (3.1.15) lib/rack/etag.rb:29:in 'Rack::ETag#call'
rack (3.1.15) lib/rack/conditional_get.rb:31:in 'Rack::ConditionalGet#call'
rack (3.1.15) lib/rack/head.rb:15:in 'Rack::Head#call'
actionpack (8.0.2) lib/action_dispatch/http/permissions_policy.rb:38:in 'ActionDispatch::PermissionsPolicy::Middleware#call'
actionpack (8.0.2) lib/action_dispatch/http/content_security_policy.rb:38:in 'ActionDispatch::ContentSecurityPolicy::Middleware#call'
rack-session (2.1.1) lib/rack/session/abstract/id.rb:274:in 'Rack::Session::Abstract::Persisted#context'
rack-session (2.1.1) lib/rack/session/abstract/id.rb:268:in 'Rack::Session::Abstract::Persisted#call'
actionpack (8.0.2) lib/action_dispatch/middleware/cookies.rb:706:in 'ActionDispatch::Cookies#call'
activerecord (8.0.2) lib/active_record/migration.rb:671:in 'ActiveRecord::Migration::CheckPending#call'
actionpack (8.0.2) lib/action_dispatch/middleware/callbacks.rb:31:in 'block in ActionDispatch::Callbacks#call'
activesupport (8.0.2) lib/active_support/callbacks.rb:100:in 'ActiveSupport::Callbacks#run_callbacks'
actionpack (8.0.2) lib/action_dispatch/middleware/callbacks.rb:30:in 'ActionDispatch::Callbacks#call'
actionpack (8.0.2) lib/action_dispatch/middleware/executor.rb:16:in 'ActionDispatch::Executor#call'
actionpack (8.0.2) lib/action_dispatch/middleware/actionable_exceptions.rb:18:in 'ActionDispatch::ActionableExceptions#call'
actionpack (8.0.2) lib/action_dispatch/middleware/debug_exceptions.rb:31:in 'ActionDispatch::DebugExceptions#call'
web-console (4.2.1) lib/web_console/middleware.rb:132:in 'WebConsole::Middleware#call_app'
web-console (4.2.1) lib/web_console/middleware.rb:28:in 'block in WebConsole::Middleware#call'
web-console (4.2.1) lib/web_console/middleware.rb:17:in 'Kernel#catch'
web-console (4.2.1) lib/web_console/middleware.rb:17:in 'WebConsole::Middleware#call'
actionpack (8.0.2) lib/action_dispatch/middleware/show_exceptions.rb:32:in 'ActionDispatch::ShowExceptions#call'
railties (8.0.2) lib/rails/rack/logger.rb:41:in 'Rails::Rack::Logger#call_app'
railties (8.0.2) lib/rails/rack/logger.rb:29:in 'Rails::Rack::Logger#call'
actionpack (8.0.2) lib/action_dispatch/middleware/remote_ip.rb:96:in 'ActionDispatch::RemoteIp#call'
actionpack (8.0.2) lib/action_dispatch/middleware/request_id.rb:34:in 'ActionDispatch::RequestId#call'
rack (3.1.15) lib/rack/method_override.rb:28:in 'Rack::MethodOverride#call'
rack (3.1.15) lib/rack/runtime.rb:24:in 'Rack::Runtime#call'
actionpack (8.0.2) lib/action_dispatch/middleware/server_timing.rb:61:in 'block in ActionDispatch::ServerTiming#call'
actionpack (8.0.2) lib/action_dispatch/middleware/server_timing.rb:26:in 'ActionDispatch::ServerTiming::Subscriber#collect_events'
actionpack (8.0.2) lib/action_dispatch/middleware/server_timing.rb:60:in 'ActionDispatch::ServerTiming#call'
actionpack (8.0.2) lib/action_dispatch/middleware/executor.rb:16:in 'ActionDispatch::Executor#call'
actionpack (8.0.2) lib/action_dispatch/middleware/static.rb:27:in 'ActionDispatch::Static#call'
rack (3.1.15) lib/rack/sendfile.rb:114:in 'Rack::Sendfile#call'
actionpack (8.0.2) lib/action_dispatch/middleware/host_authorization.rb:143:in 'ActionDispatch::HostAuthorization#call'
railties (8.0.2) lib/rails/engine.rb:535:in 'Rails::Engine#call'
puma (6.6.0) lib/puma/configuration.rb:279:in 'Puma::Configuration::ConfigMiddleware#call'
puma (6.6.0) lib/puma/request.rb:99:in 'block in Puma::Request#handle_request'
puma (6.6.0) lib/puma/thread_pool.rb:390:in 'Puma::ThreadPool#with_force_shutdown'
puma (6.6.0) lib/puma/request.rb:98:in 'Puma::Request#handle_request'
puma (6.6.0) lib/puma/server.rb:472:in 'Puma::Server#process_client'
puma (6.6.0) lib/puma/server.rb:254:in 'block in Puma::Server#run'
puma (6.6.0) lib/puma/thread_pool.rb:167:in 'block in Puma::ThreadPool#spawn_thread'
Started GET "/favicon.ico" for 127.0.0.1 at 2025-06-01 11:09:02 -0500
  
ActionController::RoutingError (No route matches [GET] "/favicon.ico"):
  
Started GET "/problems" for 127.0.0.1 at 2025-06-01 11:09:34 -0500
  
TypeError (superclass must be an instance of Class (given an instance of Module)):
  
app/controllers/problems_controller.rb:1:in '<main>'
Started GET "/problems" for 127.0.0.1 at 2025-06-01 11:09:44 -0500
Processing by ProblemsController#index as HTML
Completed 406 Not Acceptable in 28ms (ActiveRecord: 0.0ms (0 queries, 0 cached) | GC: 0.0ms)


  
ActionController::MissingExactTemplate (ProblemsController#index is missing a template for request formats: text/html):
  
actionpack (8.0.2) lib/action_controller/metal/implicit_render.rb:49:in 'ActionController::ImplicitRender#default_render'
actionpack (8.0.2) lib/action_controller/metal/basic_implicit_render.rb:9:in 'ActionController::BasicImplicitRender#send_action'
actionpack (8.0.2) lib/abstract_controller/base.rb:226:in 'AbstractController::Base#process_action'
actionpack (8.0.2) lib/action_controller/metal/rendering.rb:193:in 'ActionController::Rendering#process_action'
actionpack (8.0.2) lib/abstract_controller/callbacks.rb:261:in 'block in AbstractController::Callbacks#process_action'
activesupport (8.0.2) lib/active_support/callbacks.rb:120:in 'block in ActiveSupport::Callbacks#run_callbacks'
turbo-rails (2.0.13) lib/turbo-rails.rb:24:in 'Turbo.with_request_id'
turbo-rails (2.0.13) app/controllers/concerns/turbo/request_id_tracking.rb:10:in 'Turbo::RequestIdTracking#turbo_tracking_request_id'
activesupport (8.0.2) lib/active_support/callbacks.rb:129:in 'block in ActiveSupport::Callbacks#run_callbacks'
actiontext (8.0.2) lib/action_text/rendering.rb:25:in 'ActionText::Rendering::ClassMethods#with_renderer'
actiontext (8.0.2) lib/action_text/engine.rb:71:in 'block (4 levels) in <class:Engine>'
activesupport (8.0.2) lib/active_support/callbacks.rb:129:in 'BasicObject#instance_exec'
activesupport (8.0.2) lib/active_support/callbacks.rb:129:in 'block in ActiveSupport::Callbacks#run_callbacks'
activesupport (8.0.2) lib/active_support/callbacks.rb:140:in 'ActiveSupport::Callbacks#run_callbacks'
actionpack (8.0.2) lib/abstract_controller/callbacks.rb:260:in 'AbstractController::Callbacks#process_action'
actionpack (8.0.2) lib/action_controller/metal/rescue.rb:27:in 'ActionController::Rescue#process_action'
actionpack (8.0.2) lib/action_controller/metal/instrumentation.rb:76:in 'block in ActionController::Instrumentation#process_action'
activesupport (8.0.2) lib/active_support/notifications.rb:210:in 'block in ActiveSupport::Notifications.instrument'
activesupport (8.0.2) lib/active_support/notifications/instrumenter.rb:58:in 'ActiveSupport::Notifications::Instrumenter#instrument'
activesupport (8.0.2) lib/active_support/notifications.rb:210:in 'ActiveSupport::Notifications.instrument'
actionpack (8.0.2) lib/action_controller/metal/instrumentation.rb:75:in 'ActionController::Instrumentation#process_action'
actionpack (8.0.2) lib/action_controller/metal/params_wrapper.rb:259:in 'ActionController::ParamsWrapper#process_action'
activerecord (8.0.2) lib/active_record/railties/controller_runtime.rb:39:in 'ActiveRecord::Railties::ControllerRuntime#process_action'
actionpack (8.0.2) lib/abstract_controller/base.rb:163:in 'AbstractController::Base#process'
actionview (8.0.2) lib/action_view/rendering.rb:40:in 'ActionView::Rendering#process'
actionpack (8.0.2) lib/action_controller/metal.rb:252:in 'ActionController::Metal#dispatch'
actionpack (8.0.2) lib/action_controller/metal.rb:335:in 'ActionController::Metal.dispatch'
actionpack (8.0.2) lib/action_dispatch/routing/route_set.rb:67:in 'ActionDispatch::Routing::RouteSet::Dispatcher#dispatch'
actionpack (8.0.2) lib/action_dispatch/routing/route_set.rb:50:in 'ActionDispatch::Routing::RouteSet::Dispatcher#serve'
actionpack (8.0.2) lib/action_dispatch/journey/router.rb:53:in 'block in ActionDispatch::Journey::Router#serve'
actionpack (8.0.2) lib/action_dispatch/journey/router.rb:133:in 'block in ActionDispatch::Journey::Router#find_routes'
actionpack (8.0.2) lib/action_dispatch/journey/router.rb:126:in 'Array#each'
actionpack (8.0.2) lib/action_dispatch/journey/router.rb:126:in 'ActionDispatch::Journey::Router#find_routes'
actionpack (8.0.2) lib/action_dispatch/journey/router.rb:34:in 'ActionDispatch::Journey::Router#serve'
actionpack (8.0.2) lib/action_dispatch/routing/route_set.rb:908:in 'ActionDispatch::Routing::RouteSet#call'
railties (8.0.2) lib/rails/engine/lazy_route_set.rb:68:in 'Rails::Engine::LazyRouteSet#call'
rack (3.1.15) lib/rack/tempfile_reaper.rb:20:in 'Rack::TempfileReaper#call'
rack (3.1.15) lib/rack/etag.rb:29:in 'Rack::ETag#call'
rack (3.1.15) lib/rack/conditional_get.rb:31:in 'Rack::ConditionalGet#call'
rack (3.1.15) lib/rack/head.rb:15:in 'Rack::Head#call'
actionpack (8.0.2) lib/action_dispatch/http/permissions_policy.rb:38:in 'ActionDispatch::PermissionsPolicy::Middleware#call'
actionpack (8.0.2) lib/action_dispatch/http/content_security_policy.rb:38:in 'ActionDispatch::ContentSecurityPolicy::Middleware#call'
rack-session (2.1.1) lib/rack/session/abstract/id.rb:274:in 'Rack::Session::Abstract::Persisted#context'
rack-session (2.1.1) lib/rack/session/abstract/id.rb:268:in 'Rack::Session::Abstract::Persisted#call'
actionpack (8.0.2) lib/action_dispatch/middleware/cookies.rb:706:in 'ActionDispatch::Cookies#call'
activerecord (8.0.2) lib/active_record/migration.rb:671:in 'ActiveRecord::Migration::CheckPending#call'
actionpack (8.0.2) lib/action_dispatch/middleware/callbacks.rb:31:in 'block in ActionDispatch::Callbacks#call'
activesupport (8.0.2) lib/active_support/callbacks.rb:100:in 'ActiveSupport::Callbacks#run_callbacks'
actionpack (8.0.2) lib/action_dispatch/middleware/callbacks.rb:30:in 'ActionDispatch::Callbacks#call'
actionpack (8.0.2) lib/action_dispatch/middleware/executor.rb:16:in 'ActionDispatch::Executor#call'
actionpack (8.0.2) lib/action_dispatch/middleware/actionable_exceptions.rb:18:in 'ActionDispatch::ActionableExceptions#call'
actionpack (8.0.2) lib/action_dispatch/middleware/debug_exceptions.rb:31:in 'ActionDispatch::DebugExceptions#call'
web-console (4.2.1) lib/web_console/middleware.rb:132:in 'WebConsole::Middleware#call_app'
web-console (4.2.1) lib/web_console/middleware.rb:28:in 'block in WebConsole::Middleware#call'
web-console (4.2.1) lib/web_console/middleware.rb:17:in 'Kernel#catch'
web-console (4.2.1) lib/web_console/middleware.rb:17:in 'WebConsole::Middleware#call'
actionpack (8.0.2) lib/action_dispatch/middleware/show_exceptions.rb:32:in 'ActionDispatch::ShowExceptions#call'
railties (8.0.2) lib/rails/rack/logger.rb:41:in 'Rails::Rack::Logger#call_app'
railties (8.0.2) lib/rails/rack/logger.rb:29:in 'Rails::Rack::Logger#call'
actionpack (8.0.2) lib/action_dispatch/middleware/remote_ip.rb:96:in 'ActionDispatch::RemoteIp#call'
actionpack (8.0.2) lib/action_dispatch/middleware/request_id.rb:34:in 'ActionDispatch::RequestId#call'
rack (3.1.15) lib/rack/method_override.rb:28:in 'Rack::MethodOverride#call'
rack (3.1.15) lib/rack/runtime.rb:24:in 'Rack::Runtime#call'
actionpack (8.0.2) lib/action_dispatch/middleware/server_timing.rb:61:in 'block in ActionDispatch::ServerTiming#call'
actionpack (8.0.2) lib/action_dispatch/middleware/server_timing.rb:26:in 'ActionDispatch::ServerTiming::Subscriber#collect_events'
actionpack (8.0.2) lib/action_dispatch/middleware/server_timing.rb:60:in 'ActionDispatch::ServerTiming#call'
actionpack (8.0.2) lib/action_dispatch/middleware/executor.rb:16:in 'ActionDispatch::Executor#call'
actionpack (8.0.2) lib/action_dispatch/middleware/static.rb:27:in 'ActionDispatch::Static#call'
rack (3.1.15) lib/rack/sendfile.rb:114:in 'Rack::Sendfile#call'
actionpack (8.0.2) lib/action_dispatch/middleware/host_authorization.rb:143:in 'ActionDispatch::HostAuthorization#call'
railties (8.0.2) lib/rails/engine.rb:535:in 'Rails::Engine#call'
puma (6.6.0) lib/puma/configuration.rb:279:in 'Puma::Configuration::ConfigMiddleware#call'
puma (6.6.0) lib/puma/request.rb:99:in 'block in Puma::Request#handle_request'
puma (6.6.0) lib/puma/thread_pool.rb:390:in 'Puma::ThreadPool#with_force_shutdown'
puma (6.6.0) lib/puma/request.rb:98:in 'Puma::Request#handle_request'
puma (6.6.0) lib/puma/server.rb:472:in 'Puma::Server#process_client'
puma (6.6.0) lib/puma/server.rb:254:in 'block in Puma::Server#run'
puma (6.6.0) lib/puma/thread_pool.rb:167:in 'block in Puma::ThreadPool#spawn_thread'
Started GET "/problems" for 127.0.0.1 at 2025-06-01 11:09:58 -0500
Processing by ProblemsController#index as HTML
  Rendering problems/index.html.erb
  Rendered problems/index.html.erb (Duration: 0.2ms | GC: 0.0ms)
Completed 200 OK in 26ms (Views: 1.1ms | ActiveRecord: 0.0ms (0 queries, 0 cached) | GC: 0.0ms)


Started GET "/problems" for 127.0.0.1 at 2025-06-01 11:11:33 -0500
Processing by ProblemsController#index as HTML
  Rendering problems/index.html.erb
  Rendered problems/index.html.erb (Duration: 0.7ms | GC: 0.0ms)
Completed 500 Internal Server Error in 41ms (ActiveRecord: 0.0ms (0 queries, 0 cached) | GC: 0.5ms)


  
ActionView::SyntaxErrorInTemplate (Encountered a syntax error while rendering template: check Hello world
<% @problems.each |problem| do %>
 <%= problem.description%>
 <br>
<% end %>
)
Caused by: ActiveSupport::SyntaxErrorProxy (/Users/andy/Documents/chatbot-leetcode/app/views/problems/index.html.erb:2: syntax errors found
  [2m0 | [m          def _app_views_problems_index_html_erb__4095082941177911483_25280(local_assigns, output_buffer, &_)
  [2m1 | [m            @virtual_path = "problems/index";;@output_buffer.safe_append='<!-- BEGIN app/views/problems/index.html.erb -->'; @output_buffer.safe_append='Hello world
[1;31m> [m[2m2 | [m... do 
  [2m  | [m    [1;31m^~[m unexpected 'do', ignoring it
  [2m  | [m    [1;31m^~[m unexpected 'do', expecting end-of-input
  [2m  | [m    [1;31m^~[m unexpected 'do'; expected an expression after the operator
  [2m3 | [m @output_buffer.safe_append=' '.freeze; @output_buffer.append=( problem.description); @output_buffer.safe_append='
  [2m4 | [m <br>
  [2m5 | [m'.freeze; end ;
  [2m6 | [m@output_buffer.safe_append='<!-- END app/views/problems/index.html.erb -->';@output_buffer
[1;31m> [m[2m7 | [m          end
  [2m  | [m          [1;31m^~~[m unexpected 'end', ignoring it
)

Information for: ActionView::SyntaxErrorInTemplate (Encountered a syntax error while rendering template: check Hello world
<% @problems.each |problem| do %>
 <%= problem.description%>
 <br>
<% end %>
):
1:    Hello world
2:    <% @problems.each |problem| do %>
3:     <%= problem.description%>
4:     <br>
5:    <% end %>
  
app/views/problems/index.html.erb:2: syntax errors found

Information for cause: ActiveSupport::SyntaxErrorProxy (/Users/andy/Documents/chatbot-leetcode/app/views/problems/index.html.erb:2: syntax errors found
  [2m0 | [m          def _app_views_problems_index_html_erb__4095082941177911483_25280(local_assigns, output_buffer, &_)
  [2m1 | [m            @virtual_path = "problems/index";;@output_buffer.safe_append='<!-- BEGIN app/views/problems/index.html.erb -->'; @output_buffer.safe_append='Hello world
[1;31m> [m[2m2 | [m... do 
  [2m  | [m    [1;31m^~[m unexpected 'do', ignoring it
  [2m  | [m    [1;31m^~[m unexpected 'do', expecting end-of-input
  [2m  | [m    [1;31m^~[m unexpected 'do'; expected an expression after the operator
  [2m3 | [m @output_buffer.safe_append=' '.freeze; @output_buffer.append=( problem.description); @output_buffer.safe_append='
  [2m4 | [m <br>
  [2m5 | [m'.freeze; end ;
  [2m6 | [m@output_buffer.safe_append='<!-- END app/views/problems/index.html.erb -->';@output_buffer
[1;31m> [m[2m7 | [m          end
  [2m  | [m          [1;31m^~~[m unexpected 'end', ignoring it
):
  
app/views/problems/index.html.erb:2: syntax errors found
Started GET "/problems" for 127.0.0.1 at 2025-06-01 11:11:54 -0500
Processing by ProblemsController#index as HTML
  Rendering problems/index.html.erb
  [1m[36mProblem Load (8.4ms)[0m  [1m[34mSELECT "problems".* FROM "problems" /*action='index',application='ChatbotLeetcode',controller='problems'*/[0m
  ↳ app/views/problems/index.html.erb:2
  Rendered problems/index.html.erb (Duration: 23.9ms | GC: 1.5ms)
Completed 200 OK in 51ms (Views: 12.3ms | ActiveRecord: 12.7ms (1 query, 0 cached) | GC: 1.5ms)


Started GET "/problems" for 127.0.0.1 at 2025-06-01 11:24:29 -0500
Processing by ProblemsController#index as HTML
  Rendering problems/index.html.erb
  [1m[36mProblem Load (5.7ms)[0m  [1m[34mSELECT "problems".* FROM "problems" /*action='index',application='ChatbotLeetcode',controller='problems'*/[0m
  ↳ app/views/problems/index.html.erb:1
  Rendered problems/index.html.erb (Duration: 12.7ms | GC: 0.0ms)
Completed 200 OK in 45ms (Views: 9.1ms | ActiveRecord: 5.7ms (1 query, 0 cached) | GC: 0.0ms)


Started GET "/problems/1" for 127.0.0.1 at 2025-06-01 11:24:30 -0500
Processing by ProblemsController#show as HTML
  Parameters: {"id" => "1"}
  [1m[36mProblem Load (0.5ms)[0m  [1m[34mSELECT "problems".* FROM "problems" WHERE "problems"."id" = 1 LIMIT 1 /*action='show',application='ChatbotLeetcode',controller='problems'*/[0m
  ↳ app/controllers/problems_controller.rb:7:in 'ProblemsController#show'
  Rendering problems/show.html.erb
  Rendered problems/show.html.erb (Duration: 1.9ms | GC: 0.0ms)
Completed 200 OK in 64ms (Views: 3.0ms | ActiveRecord: 0.5ms (1 query, 0 cached) | GC: 0.0ms)


Started GET "/problems/1" for 127.0.0.1 at 2025-06-01 11:25:31 -0500
Processing by ProblemsController#show as HTML
  Parameters: {"id" => "1"}
  [1m[36mProblem Load (0.2ms)[0m  [1m[34mSELECT "problems".* FROM "problems" WHERE "problems"."id" = 1 LIMIT 1 /*action='show',application='ChatbotLeetcode',controller='problems'*/[0m
  ↳ app/controllers/problems_controller.rb:7:in 'ProblemsController#show'
  Rendering problems/show.html.erb
  Rendered problems/show.html.erb (Duration: 0.3ms | GC: 0.0ms)
Completed 200 OK in 90ms (Views: 9.4ms | ActiveRecord: 5.5ms (1 query, 0 cached) | GC: 7.7ms)


Started GET "/problems/1" for 127.0.0.1 at 2025-06-01 11:26:26 -0500
Processing by ProblemsController#show as HTML
  Parameters: {"id" => "1"}
  [1m[36mProblem Load (1.0ms)[0m  [1m[34mSELECT "problems".* FROM "problems" WHERE "problems"."id" = 1 LIMIT 1 /*action='show',application='ChatbotLeetcode',controller='problems'*/[0m
  ↳ app/controllers/problems_controller.rb:7:in 'ProblemsController#show'
  Rendering problems/show.html.erb
  Rendered problems/show.html.erb (Duration: 0.2ms | GC: 0.0ms)
Completed 200 OK in 39ms (Views: 1.2ms | ActiveRecord: 7.6ms (1 query, 0 cached) | GC: 0.3ms)


Started GET "/problems/1" for 127.0.0.1 at 2025-06-01 11:26:33 -0500
Processing by ProblemsController#show as HTML
  Parameters: {"id" => "1"}
  [1m[36mProblem Load (0.6ms)[0m  [1m[34mSELECT "problems".* FROM "problems" WHERE "problems"."id" = 1 LIMIT 1 /*action='show',application='ChatbotLeetcode',controller='problems'*/[0m
  ↳ app/controllers/problems_controller.rb:7:in 'ProblemsController#show'
  Rendering problems/show.html.erb
  Rendered problems/show.html.erb (Duration: 0.3ms | GC: 0.0ms)
Completed 200 OK in 41ms (Views: 2.2ms | ActiveRecord: 2.7ms (1 query, 0 cached) | GC: 0.0ms)


Started GET "/.well-known/appspecific/com.chrome.devtools.json" for 127.0.0.1 at 2025-06-01 11:27:14 -0500
  
ActionController::RoutingError (No route matches [GET] "/.well-known/appspecific/com.chrome.devtools.json"):
  
Started GET "/problems/styles.css.map" for 127.0.0.1 at 2025-06-01 11:27:14 -0500
  
ActionController::RoutingError (No route matches [GET] "/problems/styles.css.map"):
  
Started GET "/problems/1" for 127.0.0.1 at 2025-06-01 11:28:06 -0500
Processing by ProblemsController#show as HTML
  Parameters: {"id" => "1"}
  [1m[36mProblem Load (0.4ms)[0m  [1m[34mSELECT "problems".* FROM "problems" WHERE "problems"."id" = 1 LIMIT 1 /*action='show',application='ChatbotLeetcode',controller='problems'*/[0m
  ↳ app/controllers/problems_controller.rb:7:in 'ProblemsController#show'
  Rendering problems/show.html.erb
  Rendered problems/show.html.erb (Duration: 0.9ms | GC: 0.0ms)
Completed 200 OK in 52ms (Views: 3.9ms | ActiveRecord: 5.5ms (1 query, 0 cached) | GC: 0.0ms)


Started GET "/.well-known/appspecific/com.chrome.devtools.json" for 127.0.0.1 at 2025-06-01 11:28:07 -0500
  
ActionController::RoutingError (No route matches [GET] "/.well-known/appspecific/com.chrome.devtools.json"):
  
  [1m[36mCACHE ActiveRecord::SchemaMigration Load (0.0ms)[0m  [1m[34mSELECT "schema_migrations"."version" FROM "schema_migrations" ORDER BY "schema_migrations"."version" ASC[0m
  [1m[36mActiveRecord::InternalMetadata Load (0.2ms)[0m  [1m[34mSELECT * FROM "ar_internal_metadata" WHERE "ar_internal_metadata"."key" = 'environment' ORDER BY "ar_internal_metadata"."key" ASC LIMIT 1 /*application='ChatbotLeetcode'*/[0m
  [1m[36mActiveRecord::SchemaMigration Load (0.0ms)[0m  [1m[34mSELECT "schema_migrations"."version" FROM "schema_migrations" ORDER BY "schema_migrations"."version" ASC /*application='ChatbotLeetcode'*/[0m
Migrating to AddTitleToProblem (20250601162917)
  [1m[36mTRANSACTION (0.0ms)[0m  [1m[35mBEGIN immediate TRANSACTION /*application='ChatbotLeetcode'*/[0m
  [1m[35m (0.6ms)[0m  [1m[35mALTER TABLE "problems" ADD "title" varchar /*application='ChatbotLeetcode'*/[0m
  [1m[36mActiveRecord::SchemaMigration Create (0.0ms)[0m  [1m[32mINSERT INTO "schema_migrations" ("version") VALUES ('20250601162917') RETURNING "version" /*application='ChatbotLeetcode'*/[0m
  [1m[36mTRANSACTION (0.1ms)[0m  [1m[35mCOMMIT TRANSACTION /*application='ChatbotLeetcode'*/[0m
  [1m[36mActiveRecord::SchemaMigration Load (0.0ms)[0m  [1m[34mSELECT "schema_migrations"."version" FROM "schema_migrations" ORDER BY "schema_migrations"."version" ASC /*application='ChatbotLeetcode'*/[0m
  [1m[36mProblem Load (5.4ms)[0m  [1m[34mSELECT "problems".* FROM "problems" /* loading for pp */ LIMIT 11 /*application='ChatbotLeetcode'*/[0m
